{"/Users/idaliaramos/workspace/BucketMapperAPI/lib/controllers/EntityController.js": {"path":"/Users/idaliaramos/workspace/BucketMapperAPI/lib/controllers/EntityController.js","statementMap":{"0":{"start":{"line":3,"column":13},"end":{"line":3,"column":28}},"1":{"start":{"line":4,"column":22},"end":{"line":4,"column":53}},"2":{"start":{"line":8,"column":4},"end":{"line":8,"column":34}},"3":{"start":{"line":9,"column":4},"end":{"line":9,"column":40}},"4":{"start":{"line":10,"column":4},"end":{"line":10,"column":75}},"5":{"start":{"line":14,"column":4},"end":{"line":14,"column":69}},"6":{"start":{"line":15,"column":4},"end":{"line":33,"column":5}},"7":{"start":{"line":16,"column":21},"end":{"line":21,"column":7}},"8":{"start":{"line":22,"column":6},"end":{"line":22,"column":47}},"9":{"start":{"line":23,"column":6},"end":{"line":29,"column":22}},"10":{"start":{"line":31,"column":6},"end":{"line":31,"column":41}},"11":{"start":{"line":36,"column":4},"end":{"line":43,"column":5}},"12":{"start":{"line":37,"column":23},"end":{"line":39,"column":8}},"13":{"start":{"line":40,"column":6},"end":{"line":40,"column":30}},"14":{"start":{"line":42,"column":6},"end":{"line":42,"column":25}},"15":{"start":{"line":47,"column":4},"end":{"line":55,"column":5}},"16":{"start":{"line":48,"column":17},"end":{"line":48,"column":44}},"17":{"start":{"line":49,"column":21},"end":{"line":51,"column":8}},"18":{"start":{"line":52,"column":6},"end":{"line":52,"column":28}},"19":{"start":{"line":54,"column":6},"end":{"line":54,"column":38}},"20":{"start":{"line":59,"column":4},"end":{"line":59,"column":28}},"21":{"start":{"line":60,"column":4},"end":{"line":73,"column":5}},"22":{"start":{"line":61,"column":17},"end":{"line":61,"column":44}},"23":{"start":{"line":65,"column":21},"end":{"line":65,"column":48}},"24":{"start":{"line":66,"column":21},"end":{"line":66,"column":79}},"25":{"start":{"line":67,"column":6},"end":{"line":67,"column":48}},"26":{"start":{"line":68,"column":6},"end":{"line":68,"column":28}},"27":{"start":{"line":71,"column":6},"end":{"line":71,"column":58}},"28":{"start":{"line":77,"column":4},"end":{"line":77,"column":38}},"29":{"start":{"line":78,"column":4},"end":{"line":87,"column":5}},"30":{"start":{"line":79,"column":17},"end":{"line":79,"column":44}},"31":{"start":{"line":80,"column":21},"end":{"line":82,"column":8}},"32":{"start":{"line":83,"column":6},"end":{"line":83,"column":71}},"33":{"start":{"line":84,"column":6},"end":{"line":84,"column":28}},"34":{"start":{"line":86,"column":6},"end":{"line":86,"column":25}},"35":{"start":{"line":91,"column":4},"end":{"line":93,"column":7}},"36":{"start":{"line":92,"column":6},"end":{"line":92,"column":53}},"37":{"start":{"line":97,"column":4},"end":{"line":99,"column":5}},"38":{"start":{"line":98,"column":6},"end":{"line":98,"column":44}},"39":{"start":{"line":100,"column":4},"end":{"line":102,"column":5}},"40":{"start":{"line":101,"column":6},"end":{"line":101,"column":43}},"41":{"start":{"line":103,"column":4},"end":{"line":105,"column":5}},"42":{"start":{"line":104,"column":6},"end":{"line":104,"column":42}},"43":{"start":{"line":106,"column":4},"end":{"line":108,"column":5}},"44":{"start":{"line":107,"column":6},"end":{"line":107,"column":51}},"45":{"start":{"line":109,"column":4},"end":{"line":109,"column":36}},"46":{"start":{"line":113,"column":0},"end":{"line":113,"column":34}}},"fnMap":{"0":{"name":"(anonymous_0)","decl":{"start":{"line":7,"column":2},"end":{"line":7,"column":3}},"loc":{"start":{"line":7,"column":45},"end":{"line":11,"column":3}},"line":7},"1":{"name":"(anonymous_1)","decl":{"start":{"line":13,"column":2},"end":{"line":13,"column":3}},"loc":{"start":{"line":13,"column":40},"end":{"line":34,"column":3}},"line":13},"2":{"name":"(anonymous_2)","decl":{"start":{"line":35,"column":2},"end":{"line":35,"column":3}},"loc":{"start":{"line":35,"column":40},"end":{"line":44,"column":3}},"line":35},"3":{"name":"(anonymous_3)","decl":{"start":{"line":46,"column":2},"end":{"line":46,"column":3}},"loc":{"start":{"line":46,"column":41},"end":{"line":56,"column":3}},"line":46},"4":{"name":"(anonymous_4)","decl":{"start":{"line":58,"column":2},"end":{"line":58,"column":3}},"loc":{"start":{"line":58,"column":40},"end":{"line":74,"column":3}},"line":58},"5":{"name":"(anonymous_5)","decl":{"start":{"line":76,"column":2},"end":{"line":76,"column":3}},"loc":{"start":{"line":76,"column":40},"end":{"line":88,"column":3}},"line":76},"6":{"name":"(anonymous_6)","decl":{"start":{"line":90,"column":2},"end":{"line":90,"column":3}},"loc":{"start":{"line":90,"column":28},"end":{"line":94,"column":3}},"line":90},"7":{"name":"(anonymous_7)","decl":{"start":{"line":91,"column":24},"end":{"line":91,"column":25}},"loc":{"start":{"line":91,"column":38},"end":{"line":93,"column":5}},"line":91},"8":{"name":"(anonymous_8)","decl":{"start":{"line":96,"column":2},"end":{"line":96,"column":3}},"loc":{"start":{"line":96,"column":23},"end":{"line":110,"column":3}},"line":96}},"branchMap":{"0":{"loc":{"start":{"line":97,"column":4},"end":{"line":99,"column":5}},"type":"if","locations":[{"start":{"line":97,"column":4},"end":{"line":99,"column":5}},{"start":{"line":97,"column":4},"end":{"line":99,"column":5}}],"line":97},"1":{"loc":{"start":{"line":100,"column":4},"end":{"line":102,"column":5}},"type":"if","locations":[{"start":{"line":100,"column":4},"end":{"line":102,"column":5}},{"start":{"line":100,"column":4},"end":{"line":102,"column":5}}],"line":100},"2":{"loc":{"start":{"line":103,"column":4},"end":{"line":105,"column":5}},"type":"if","locations":[{"start":{"line":103,"column":4},"end":{"line":105,"column":5}},{"start":{"line":103,"column":4},"end":{"line":105,"column":5}}],"line":103},"3":{"loc":{"start":{"line":106,"column":4},"end":{"line":108,"column":5}},"type":"if","locations":[{"start":{"line":106,"column":4},"end":{"line":108,"column":5}},{"start":{"line":106,"column":4},"end":{"line":108,"column":5}}],"line":106}},"s":{"0":1,"1":1,"2":1,"3":1,"4":1,"5":1,"6":1,"7":1,"8":1,"9":1,"10":0,"11":0,"12":0,"13":0,"14":0,"15":0,"16":0,"17":0,"18":0,"19":0,"20":0,"21":0,"22":0,"23":0,"24":0,"25":0,"26":0,"27":0,"28":0,"29":0,"30":0,"31":0,"32":0,"33":0,"34":0,"35":1,"36":5,"37":0,"38":0,"39":0,"40":0,"41":0,"42":0,"43":0,"44":0,"45":0,"46":1},"f":{"0":1,"1":1,"2":0,"3":0,"4":0,"5":0,"6":1,"7":5,"8":0},"b":{"0":[0,0],"1":[0,0],"2":[0,0],"3":[0,0]},"_coverageSchema":"332fd63041d2c1bcb487cc26dd0d5f7d97098a6c","hash":"d5e46fc318013a5abaf53814b8e3f62cee8906c3"}
,"/Users/idaliaramos/workspace/BucketMapperAPI/lib/repositories/EntityRepository.js": {"path":"/Users/idaliaramos/workspace/BucketMapperAPI/lib/repositories/EntityRepository.js","statementMap":{"0":{"start":{"line":1,"column":17},"end":{"line":1,"column":48}},"1":{"start":{"line":2,"column":17},"end":{"line":2,"column":48}},"2":{"start":{"line":3,"column":23},"end":{"line":3,"column":52}},"3":{"start":{"line":4,"column":17},"end":{"line":4,"column":50}},"4":{"start":{"line":8,"column":4},"end":{"line":8,"column":34}},"5":{"start":{"line":9,"column":4},"end":{"line":9,"column":18}},"6":{"start":{"line":10,"column":4},"end":{"line":10,"column":60}},"7":{"start":{"line":14,"column":4},"end":{"line":22,"column":5}},"8":{"start":{"line":15,"column":23},"end":{"line":17,"column":23}},"9":{"start":{"line":18,"column":6},"end":{"line":18,"column":38}},"10":{"start":{"line":20,"column":6},"end":{"line":20,"column":25}},"11":{"start":{"line":21,"column":6},"end":{"line":21,"column":18}},"12":{"start":{"line":25,"column":24},"end":{"line":25,"column":69}},"13":{"start":{"line":27,"column":4},"end":{"line":35,"column":5}},"14":{"start":{"line":28,"column":23},"end":{"line":31,"column":23}},"15":{"start":{"line":32,"column":6},"end":{"line":32,"column":38}},"16":{"start":{"line":39,"column":24},"end":{"line":39,"column":76}},"17":{"start":{"line":41,"column":4},"end":{"line":49,"column":5}},"18":{"start":{"line":42,"column":23},"end":{"line":45,"column":23}},"19":{"start":{"line":46,"column":6},"end":{"line":46,"column":38}},"20":{"start":{"line":48,"column":6},"end":{"line":48,"column":25}},"21":{"start":{"line":53,"column":4},"end":{"line":53,"column":31}},"22":{"start":{"line":54,"column":4},"end":{"line":70,"column":5}},"23":{"start":{"line":56,"column":21},"end":{"line":56,"column":67}},"24":{"start":{"line":67,"column":6},"end":{"line":67,"column":20}},"25":{"start":{"line":69,"column":6},"end":{"line":69,"column":25}},"26":{"start":{"line":73,"column":4},"end":{"line":73,"column":31}},"27":{"start":{"line":74,"column":4},"end":{"line":90,"column":5}},"28":{"start":{"line":76,"column":21},"end":{"line":76,"column":67}},"29":{"start":{"line":82,"column":6},"end":{"line":82,"column":56}},"30":{"start":{"line":84,"column":6},"end":{"line":84,"column":48}},"31":{"start":{"line":86,"column":6},"end":{"line":86,"column":20}},"32":{"start":{"line":89,"column":6},"end":{"line":89,"column":25}},"33":{"start":{"line":94,"column":4},"end":{"line":94,"column":80}},"34":{"start":{"line":95,"column":4},"end":{"line":106,"column":5}},"35":{"start":{"line":96,"column":22},"end":{"line":99,"column":7}},"36":{"start":{"line":101,"column":6},"end":{"line":101,"column":50}},"37":{"start":{"line":102,"column":6},"end":{"line":102,"column":78}},"38":{"start":{"line":102,"column":45},"end":{"line":102,"column":69}},"39":{"start":{"line":104,"column":6},"end":{"line":104,"column":25}},"40":{"start":{"line":110,"column":4},"end":{"line":110,"column":43}},"41":{"start":{"line":111,"column":24},"end":{"line":111,"column":53}},"42":{"start":{"line":112,"column":4},"end":{"line":112,"column":31}},"43":{"start":{"line":113,"column":4},"end":{"line":122,"column":5}},"44":{"start":{"line":114,"column":23},"end":{"line":117,"column":22}},"45":{"start":{"line":118,"column":6},"end":{"line":118,"column":54}},"46":{"start":{"line":126,"column":4},"end":{"line":135,"column":5}},"47":{"start":{"line":127,"column":23},"end":{"line":130,"column":22}},"48":{"start":{"line":131,"column":6},"end":{"line":131,"column":54}},"49":{"start":{"line":139,"column":4},"end":{"line":150,"column":5}},"50":{"start":{"line":140,"column":22},"end":{"line":143,"column":7}},"51":{"start":{"line":145,"column":6},"end":{"line":145,"column":61}},"52":{"start":{"line":145,"column":35},"end":{"line":145,"column":59}},"53":{"start":{"line":147,"column":6},"end":{"line":147,"column":25}},"54":{"start":{"line":154,"column":4},"end":{"line":156,"column":6}},"55":{"start":{"line":160,"column":0},"end":{"line":160,"column":72}},"56":{"start":{"line":162,"column":0},"end":{"line":162,"column":34}}},"fnMap":{"0":{"name":"(anonymous_0)","decl":{"start":{"line":7,"column":2},"end":{"line":7,"column":3}},"loc":{"start":{"line":7,"column":44},"end":{"line":11,"column":3}},"line":7},"1":{"name":"(anonymous_1)","decl":{"start":{"line":13,"column":2},"end":{"line":13,"column":3}},"loc":{"start":{"line":13,"column":27},"end":{"line":23,"column":3}},"line":13},"2":{"name":"(anonymous_2)","decl":{"start":{"line":24,"column":2},"end":{"line":24,"column":3}},"loc":{"start":{"line":24,"column":38},"end":{"line":36,"column":3}},"line":24},"3":{"name":"(anonymous_3)","decl":{"start":{"line":38,"column":2},"end":{"line":38,"column":3}},"loc":{"start":{"line":38,"column":45},"end":{"line":50,"column":3}},"line":38},"4":{"name":"(anonymous_4)","decl":{"start":{"line":52,"column":2},"end":{"line":52,"column":3}},"loc":{"start":{"line":52,"column":20},"end":{"line":71,"column":3}},"line":52},"5":{"name":"(anonymous_5)","decl":{"start":{"line":72,"column":2},"end":{"line":72,"column":3}},"loc":{"start":{"line":72,"column":22},"end":{"line":91,"column":3}},"line":72},"6":{"name":"(anonymous_6)","decl":{"start":{"line":93,"column":2},"end":{"line":93,"column":3}},"loc":{"start":{"line":93,"column":55},"end":{"line":107,"column":3}},"line":93},"7":{"name":"(anonymous_7)","decl":{"start":{"line":102,"column":35},"end":{"line":102,"column":36}},"loc":{"start":{"line":102,"column":45},"end":{"line":102,"column":69}},"line":102},"8":{"name":"(anonymous_8)","decl":{"start":{"line":109,"column":2},"end":{"line":109,"column":3}},"loc":{"start":{"line":109,"column":31},"end":{"line":123,"column":3}},"line":109},"9":{"name":"(anonymous_9)","decl":{"start":{"line":125,"column":2},"end":{"line":125,"column":3}},"loc":{"start":{"line":125,"column":19},"end":{"line":136,"column":3}},"line":125},"10":{"name":"(anonymous_10)","decl":{"start":{"line":138,"column":2},"end":{"line":138,"column":3}},"loc":{"start":{"line":138,"column":22},"end":{"line":151,"column":3}},"line":138},"11":{"name":"(anonymous_11)","decl":{"start":{"line":145,"column":25},"end":{"line":145,"column":26}},"loc":{"start":{"line":145,"column":35},"end":{"line":145,"column":59}},"line":145},"12":{"name":"(anonymous_12)","decl":{"start":{"line":153,"column":2},"end":{"line":153,"column":3}},"loc":{"start":{"line":153,"column":27},"end":{"line":157,"column":3}},"line":153}},"branchMap":{"0":{"loc":{"start":{"line":10,"column":21},"end":{"line":10,"column":59}},"type":"cond-expr","locations":[{"start":{"line":10,"column":44},"end":{"line":10,"column":52}},{"start":{"line":10,"column":55},"end":{"line":10,"column":59}}],"line":10},"1":{"loc":{"start":{"line":82,"column":15},"end":{"line":82,"column":55}},"type":"cond-expr","locations":[{"start":{"line":82,"column":24},"end":{"line":82,"column":48}},{"start":{"line":82,"column":51},"end":{"line":82,"column":55}}],"line":82},"2":{"loc":{"start":{"line":102,"column":13},"end":{"line":102,"column":77}},"type":"cond-expr","locations":[{"start":{"line":102,"column":23},"end":{"line":102,"column":70}},{"start":{"line":102,"column":73},"end":{"line":102,"column":77}}],"line":102},"3":{"loc":{"start":{"line":118,"column":13},"end":{"line":118,"column":53}},"type":"cond-expr","locations":[{"start":{"line":118,"column":22},"end":{"line":118,"column":46}},{"start":{"line":118,"column":49},"end":{"line":118,"column":53}}],"line":118},"4":{"loc":{"start":{"line":131,"column":13},"end":{"line":131,"column":53}},"type":"cond-expr","locations":[{"start":{"line":131,"column":22},"end":{"line":131,"column":46}},{"start":{"line":131,"column":49},"end":{"line":131,"column":53}}],"line":131}},"s":{"0":1,"1":1,"2":1,"3":1,"4":1,"5":1,"6":1,"7":1,"8":1,"9":1,"10":0,"11":0,"12":1,"13":1,"14":1,"15":1,"16":0,"17":0,"18":0,"19":0,"20":0,"21":0,"22":0,"23":0,"24":0,"25":0,"26":0,"27":0,"28":0,"29":0,"30":0,"31":0,"32":0,"33":0,"34":0,"35":0,"36":0,"37":0,"38":0,"39":0,"40":0,"41":0,"42":0,"43":0,"44":0,"45":0,"46":0,"47":0,"48":0,"49":0,"50":0,"51":0,"52":0,"53":0,"54":0,"55":1,"56":1},"f":{"0":1,"1":1,"2":1,"3":0,"4":0,"5":0,"6":0,"7":0,"8":0,"9":0,"10":0,"11":0,"12":0},"b":{"0":[1,0],"1":[0,0],"2":[0,0],"3":[0,0],"4":[0,0]},"_coverageSchema":"332fd63041d2c1bcb487cc26dd0d5f7d97098a6c","hash":"8ed64045d36adc8c37019da9fbd07ec61699f52e"}
,"/Users/idaliaramos/workspace/BucketMapperAPI/lib/utils/FunctionUtils.js": {"path":"/Users/idaliaramos/workspace/BucketMapperAPI/lib/utils/FunctionUtils.js","statementMap":{"0":{"start":{"line":1,"column":0},"end":{"line":3,"column":2}}},"fnMap":{},"branchMap":{},"s":{"0":1},"f":{},"b":{},"_coverageSchema":"332fd63041d2c1bcb487cc26dd0d5f7d97098a6c","hash":"48e5b20ef40956ee60e6218be100a3b664169938"}
,"/Users/idaliaramos/workspace/BucketMapperAPI/lib/utils/LangUtils.js": {"path":"/Users/idaliaramos/workspace/BucketMapperAPI/lib/utils/LangUtils.js","statementMap":{"0":{"start":{"line":1,"column":19},"end":{"line":1,"column":47}},"1":{"start":{"line":3,"column":0},"end":{"line":5,"column":2}}},"fnMap":{},"branchMap":{},"s":{"0":1,"1":1},"f":{},"b":{},"_coverageSchema":"332fd63041d2c1bcb487cc26dd0d5f7d97098a6c","hash":"4df8516132c9e362ddc1cc6c0df227d66a68d560"}
,"/Users/idaliaramos/workspace/BucketMapperAPI/lib/utils/ObjectUtils.js": {"path":"/Users/idaliaramos/workspace/BucketMapperAPI/lib/utils/ObjectUtils.js","statementMap":{"0":{"start":{"line":1,"column":13},"end":{"line":1,"column":35}},"1":{"start":{"line":2,"column":13},"end":{"line":2,"column":35}},"2":{"start":{"line":4,"column":0},"end":{"line":7,"column":2}}},"fnMap":{},"branchMap":{},"s":{"0":1,"1":1,"2":1},"f":{},"b":{},"_coverageSchema":"332fd63041d2c1bcb487cc26dd0d5f7d97098a6c","hash":"3e91b071649668db6c4f92a5b3ac8aa948d8b159"}
,"/Users/idaliaramos/workspace/BucketMapperAPI/lib/utils/StringUtils.js": {"path":"/Users/idaliaramos/workspace/BucketMapperAPI/lib/utils/StringUtils.js","statementMap":{"0":{"start":{"line":1,"column":18},"end":{"line":1,"column":38}},"1":{"start":{"line":3,"column":0},"end":{"line":5,"column":2}}},"fnMap":{},"branchMap":{},"s":{"0":1,"1":1},"f":{},"b":{},"_coverageSchema":"332fd63041d2c1bcb487cc26dd0d5f7d97098a6c","hash":"cd66196919e3e6a48d56cff71f265e993f95c4b1"}
}
